<?xml version="1.0" encoding="UTF-8"?>
<testsuite xmlns:xsi="http://www.w3.org/2001/XMLSchema-instance" xsi:noNamespaceSchemaLocation="https://maven.apache.org/surefire/maven-surefire-plugin/xsd/surefire-test-report.xsd" version="3.0.2" name="com.wsboot.WsbootApplicationTests" time="6.508" tests="1" errors="0" skipped="0" failures="0">
  <properties>
[...]
</properties>
  <testcase name="contextLoads" classname="com.wsboot.WsbootApplicationTests" time="0.409">
    <system-out><![CDATA[09:28:43.857 [main] INFO org.springframework.test.context.support.AnnotationConfigContextLoaderUtils -- Could not detect default configuration classes for test class [com.wsboot.WsbootApplicationTests]: WsbootApplicationTests does not declare any static, non-private, non-final, nested classes annotated with @Configuration.
09:28:43.972 [main] INFO org.springframework.boot.test.context.SpringBootTestContextBootstrapper -- Found @SpringBootConfiguration com.wsboot.WsbootApplication for test class com.wsboot.WsbootApplicationTests

  .   ____          _            __ _ _
 /\\ / ___'_ __ _ _(_)_ __  __ _ \ \ \ \
( ( )\___ | '_ | '_| | '_ \/ _` | \ \ \ \
 \\/  ___)| |_)| | | | | || (_| |  ) ) ) )
  '  |____| .__|_| |_|_| |_\__, | / / / /
 =========|_|==============|___/=/_/_/_/

 :: Spring Boot ::                (v3.4.5)

2025-05-06 09:28:47 - HHH000511: The 12.2.0 version for [org.hibernate.dialect.OracleDialect] is no longer supported, hence certain features may not work properly. The minimum supported version is 19.0.0. Check the community dialects project for available legacy versions.
Hibernate: create global temporary table HTE_item(id number(10,0), rn_ number(10,0) not null, description varchar2(255 char), name varchar2(255 char), price varchar2(255 char), primary key (rn_)) on commit delete rows
Hibernate: create global temporary table HTE_book(fecha date, precio number(38,2), rn_ number(10,0) not null, id number(19,0), autor varchar2(255 char), titulo varchar2(255 char), primary key (rn_)) on commit delete rows
Hibernate: create global temporary table HTE_persona(id number(10,0), rn_ number(10,0) not null, name varchar2(255 char), primary key (rn_)) on commit delete rows
]]></system-out>
  </testcase>
</testsuite>